<?xml version="1.0" encoding="UTF-8"?>
<testng-results ignored="0" total="1" passed="1" failed="0" skipped="0">
  <reporter-output>
  </reporter-output>
  <suite started-at="2021-04-21T20:05:01 IST" name="Default suite" finished-at="2021-04-21T20:05:02 IST" duration-ms="1071">
    <groups>
    </groups>
    <test started-at="2021-04-21T20:05:01 IST" name="Default test" finished-at="2021-04-21T20:05:02 IST" duration-ms="1071">
      <class name="MavenProject333.WebAmazon333.DatabaseConnect">
        <test-method is-config="true" signature="Setup()[pri:0, instance:MavenProject333.WebAmazon333.DatabaseConnect@647fd8ce]" started-at="2021-04-21T20:05:01 IST" name="Setup" finished-at="2021-04-21T20:05:02 IST" duration-ms="958" status="PASS">
          <reporter-output>
          </reporter-output>
        </test-method> <!-- Setup -->
        <test-method signature="runit()[pri:0, instance:MavenProject333.WebAmazon333.DatabaseConnect@647fd8ce]" started-at="2021-04-21T20:05:02 IST" name="runit" finished-at="2021-04-21T20:05:02 IST" duration-ms="55" status="PASS">
          <reporter-output>
          </reporter-output>
        </test-method> <!-- runit -->
        <test-method is-config="true" signature="closethis()[pri:0, instance:MavenProject333.WebAmazon333.DatabaseConnect@647fd8ce]" started-at="2021-04-21T20:05:02 IST" name="closethis" finished-at="2021-04-21T20:05:02 IST" duration-ms="0" status="PASS">
          <reporter-output>
          </reporter-output>
        </test-method> <!-- closethis -->
      </class> <!-- MavenProject333.WebAmazon333.DatabaseConnect -->
    </test> <!-- Default test -->
  </suite> <!-- Default suite -->
</testng-results>
